<?xml version="1.0" encoding="UTF-8"?>
<testsuite name="com.example.demo.EcommerceApplicationTest" time="0.044" tests="13" errors="0" skipped="0" failures="0">
  <properties>
    <property name="idea.version" value="2020.2.3"/>
    <property name="java.runtime.name" value="Java(TM) SE Runtime Environment"/>
    <property name="java.vm.version" value="15.0.1+9-18"/>
    <property name="sun.boot.library.path" value="/Library/Java/JavaVirtualMachines/jdk-15.0.1.jdk/Contents/Home/lib"/>
    <property name="maven.multiModuleProjectDirectory" value="/Users/rli/Documents/Projects/projects/java/web-application/EcommerceSystem"/>
    <property name="java.vm.vendor" value="Oracle Corporation"/>
    <property name="java.vendor.url" value="https://java.oracle.com/"/>
    <property name="guice.disable.misplaced.annotation.check" value="true"/>
    <property name="path.separator" value=":"/>
    <property name="java.vm.name" value="Java HotSpot(TM) 64-Bit Server VM"/>
    <property name="user.country" value="US"/>
    <property name="sun.java.launcher" value="SUN_STANDARD"/>
    <property name="java.vm.specification.name" value="Java Virtual Machine Specification"/>
    <property name="user.dir" value="/Users/rli/Documents/Projects/projects/java/web-application/EcommerceSystem"/>
    <property name="java.vm.compressedOopsMode" value="Zero based"/>
    <property name="java.runtime.version" value="15.0.1+9-18"/>
    <property name="os.arch" value="x86_64"/>
    <property name="java.io.tmpdir" value="/var/folders/m2/rf0fy5xd6rg1v0r18sq_4wym0000gn/T/"/>
    <property name="line.separator" value="&#10;"/>
    <property name="java.vm.specification.vendor" value="Oracle Corporation"/>
    <property name="os.name" value="Mac OS X"/>
    <property name="maven.ext.class.path" value="/Applications/IntelliJ IDEA CE.app/Contents/plugins/maven/lib/maven-event-listener.jar"/>
    <property name="classworlds.conf" value="/Applications/IntelliJ IDEA CE.app/Contents/plugins/maven/lib/maven3/bin/m2.conf"/>
    <property name="sun.jnu.encoding" value="UTF-8"/>
    <property name="java.library.path" value="/Users/rli/Library/Java/Extensions:/Library/Java/Extensions:/Network/Library/Java/Extensions:/System/Library/Java/Extensions:/usr/lib/java:."/>
    <property name="maven.conf" value="/Applications/IntelliJ IDEA CE.app/Contents/plugins/maven/lib/maven3/conf"/>
    <property name="jdk.debug" value="release"/>
    <property name="java.class.version" value="59.0"/>
    <property name="java.specification.name" value="Java Platform API Specification"/>
    <property name="sun.management.compiler" value="HotSpot 64-Bit Tiered Compilers"/>
    <property name="os.version" value="10.15.7"/>
    <property name="http.nonProxyHosts" value="local|*.local|169.254/16|*.169.254/16"/>
    <property name="user.home" value="/Users/rli"/>
    <property name="user.timezone" value="America/Los_Angeles"/>
    <property name="file.encoding" value="UTF-8"/>
    <property name="java.specification.version" value="15"/>
    <property name="user.name" value="rli"/>
    <property name="java.class.path" value="/Applications/IntelliJ IDEA CE.app/Contents/plugins/maven/lib/maven3/boot/plexus-classworlds.license:/Applications/IntelliJ IDEA CE.app/Contents/plugins/maven/lib/maven3/boot/plexus-classworlds-2.6.0.jar"/>
    <property name="java.vm.specification.version" value="15"/>
    <property name="sun.arch.data.model" value="64"/>
    <property name="sun.java.command" value="org.codehaus.classworlds.Launcher -Didea.version=2020.2.3 package"/>
    <property name="java.home" value="/Library/Java/JavaVirtualMachines/jdk-15.0.1.jdk/Contents/Home"/>
    <property name="user.language" value="en"/>
    <property name="java.specification.vendor" value="Oracle Corporation"/>
    <property name="java.vm.info" value="mixed mode, sharing"/>
    <property name="java.version" value="15.0.1"/>
    <property name="java.vendor" value="Oracle Corporation"/>
    <property name="maven.home" value="/Applications/IntelliJ IDEA CE.app/Contents/plugins/maven/lib/maven3"/>
    <property name="file.separator" value="/"/>
    <property name="java.version.date" value="2020-10-20"/>
    <property name="java.vendor.url.bug" value="https://bugreport.java.com/bugreport/"/>
    <property name="sun.io.unicode.encoding" value="UnicodeBig"/>
    <property name="sun.cpu.endian" value="little"/>
    <property name="socksNonProxyHosts" value="local|*.local|169.254/16|*.169.254/16"/>
    <property name="ftp.nonProxyHosts" value="local|*.local|169.254/16|*.169.254/16"/>
  </properties>
  <testcase name="TestAddToCartUserNotFound" classname="com.example.demo.EcommerceApplicationTest" time="0.019"/>
  <testcase name="TestGetUserByUsername" classname="com.example.demo.EcommerceApplicationTest" time="0.002"/>
  <testcase name="TestSubmitOrder" classname="com.example.demo.EcommerceApplicationTest" time="0.003"/>
  <testcase name="TestGetItems" classname="com.example.demo.EcommerceApplicationTest" time="0.002"/>
  <testcase name="TestGetItemsByName" classname="com.example.demo.EcommerceApplicationTest" time="0.002"/>
  <testcase name="TestGetOrdersForUser" classname="com.example.demo.EcommerceApplicationTest" time="0.002"/>
  <testcase name="TestAddToCartItemNotFound" classname="com.example.demo.EcommerceApplicationTest" time="0.001"/>
  <testcase name="TestCreateUser" classname="com.example.demo.EcommerceApplicationTest" time="0.002"/>
  <testcase name="TestGetUserById" classname="com.example.demo.EcommerceApplicationTest" time="0.002"/>
  <testcase name="TestGetUserByUsernameNotFound" classname="com.example.demo.EcommerceApplicationTest" time="0.003"/>
  <testcase name="TestAddToCart" classname="com.example.demo.EcommerceApplicationTest" time="0.002"/>
  <testcase name="TestGetItemById" classname="com.example.demo.EcommerceApplicationTest" time="0.002"/>
  <testcase name="TestRemoveFromCart" classname="com.example.demo.EcommerceApplicationTest" time="0.002"/>
</testsuite>